# JRE version: OpenJDK Runtime Environment (22.0.2+9) (build 22.0.2+9-70)
# Java VM: OpenJDK 64-Bit Server VM (22.0.2+9-70, mixed mode, sharing, tiered, compressed oops, compressed class ptrs, g1 gc, windows-amd64)
GC Precious Log:
 CardTable entry size: 512
 Card Set container configuration: InlinePtr #cards 4 size 8 Array Of Cards #cards 32 size 80 Howl #buckets 8 coarsen threshold 7372 Howl Bitmap #cards 1024 size 144 coarsen threshold 921 Card regions per heap region 1 cards per card region 8192
 CPUs: 32 total, 32 available
 Memory: 32456M
 Large Page Support: Disabled
 NUMA Support: Disabled
 Compressed Oops: Enabled (Zero based)
 Heap Region Size: 4M
 Heap Min Capacity: 8M
 Heap Initial Capacity: 508M
 Heap Max Capacity: 8116M
 Pre-touch: Disabled
 Parallel Workers: 23
 Concurrent Workers: 6
 Concurrent Refinement Workers: 23
 Periodic GC: Disabled
Heap:
 garbage-first heap   total reserved 8310784K, committed 81920K, used 59859K [0x0000000604c00000, 0x0000000800000000)
  region size 4096K, 8 young (32768K), 2 survivors (8192K)
 Metaspace       used 88004K, committed 88768K, reserved 1179648K
  class space    used 12204K, committed 12544K, reserved 1048576K
GC Heap History (20 events):
Event: 1.414 GC heap before
{Heap before GC invocations=4 (full 0):
 garbage-first heap   total reserved 8310784K, committed 69632K, used 63655K [0x0000000604c00000, 0x0000000800000000)
  region size 4096K, 14 young (57344K), 2 survivors (8192K)
 Metaspace       used 28015K, committed 28416K, reserved 1114112K
  class space    used 3601K, committed 3776K, reserved 1048576K
}
Event: 1.418 GC heap after
{Heap after GC invocations=5 (full 0):
 garbage-first heap   total reserved 8310784K, committed 81920K, used 18409K [0x0000000604c00000, 0x0000000800000000)
  region size 4096K, 3 young (12288K), 3 survivors (12288K)
 Metaspace       used 28015K, committed 28416K, reserved 1114112K
  class space    used 3601K, committed 3776K, reserved 1048576K
}
Event: 1.894 GC heap before
{Heap before GC invocations=5 (full 0):
 garbage-first heap   total reserved 8310784K, committed 81920K, used 55273K [0x0000000604c00000, 0x0000000800000000)
  region size 4096K, 12 young (49152K), 3 survivors (12288K)
 Metaspace       used 33291K, committed 33856K, reserved 1114112K
  class space    used 4442K, committed 4672K, reserved 1048576K
}
Event: 1.898 GC heap after
{Heap after GC invocations=6 (full 0):
 garbage-first heap   total reserved 8310784K, committed 81920K, used 21181K [0x0000000604c00000, 0x0000000800000000)
  region size 4096K, 2 young (8192K), 2 survivors (8192K)
 Metaspace       used 33291K, committed 33856K, reserved 1114112K
  class space    used 4442K, committed 4672K, reserved 1048576K
}
Event: 2.246 GC heap before
{Heap before GC invocations=6 (full 0):
 garbage-first heap   total reserved 8310784K, committed 81920K, used 37565K [0x0000000604c00000, 0x0000000800000000)
  region size 4096K, 7 young (28672K), 2 survivors (8192K)
 Metaspace       used 35612K, committed 36096K, reserved 1114112K
  class space    used 4699K, committed 4928K, reserved 1048576K
}
Event: 2.249 GC heap after
{Heap after GC invocations=7 (full 0):
 garbage-first heap   total reserved 8310784K, committed 81920K, used 22526K [0x0000000604c00000, 0x0000000800000000)
  region size 4096K, 2 young (8192K), 2 survivors (8192K)
 Metaspace       used 35612K, committed 36096K, reserved 1114112K
  class space    used 4699K, committed 4928K, reserved 1048576K
}
Event: 2.902 GC heap before
{Heap before GC invocations=8 (full 0):
 garbage-first heap   total reserved 8310784K, committed 81920K, used 55294K [0x0000000604c00000, 0x0000000800000000)
  region size 4096K, 11 young (45056K), 2 survivors (8192K)
 Metaspace       used 43703K, committed 44288K, reserved 1114112K
  class space    used 5974K, committed 6272K, reserved 1048576K
}
Event: 2.905 GC heap after
{Heap after GC invocations=9 (full 0):
 garbage-first heap   total reserved 8310784K, committed 81920K, used 24901K [0x0000000604c00000, 0x0000000800000000)
  region size 4096K, 1 young (4096K), 1 survivors (4096K)
 Metaspace       used 43703K, committed 44288K, reserved 1114112K
  class space    used 5974K, committed 6272K, reserved 1048576K
}
Event: 3.378 GC heap before
{Heap before GC invocations=9 (full 0):
 garbage-first heap   total reserved 8310784K, committed 81920K, used 65861K [0x0000000604c00000, 0x0000000800000000)
  region size 4096K, 11 young (45056K), 1 survivors (4096K)
 Metaspace       used 56045K, committed 56704K, reserved 1114112K
  class space    used 7641K, committed 7936K, reserved 1048576K
}
Event: 3.380 GC heap after
{Heap after GC invocations=10 (full 0):
 garbage-first heap   total reserved 8310784K, committed 81920K, used 27232K [0x0000000604c00000, 0x0000000800000000)
  region size 4096K, 2 young (8192K), 2 survivors (8192K)
 Metaspace       used 56045K, committed 56704K, reserved 1114112K
  class space    used 7641K, committed 7936K, reserved 1048576K
}
Event: 3.555 GC heap before
{Heap before GC invocations=10 (full 0):
 garbage-first heap   total reserved 8310784K, committed 81920K, used 43616K [0x0000000604c00000, 0x0000000800000000)
  region size 4096K, 7 young (28672K), 2 survivors (8192K)
 Metaspace       used 59671K, committed 60288K, reserved 1114112K
  class space    used 8279K, committed 8576K, reserved 1048576K
}
Event: 3.557 GC heap after
{Heap after GC invocations=11 (full 0):
 garbage-first heap   total reserved 8310784K, committed 81920K, used 28029K [0x0000000604c00000, 0x0000000800000000)
  region size 4096K, 1 young (4096K), 1 survivors (4096K)
 Metaspace       used 59671K, committed 60288K, reserved 1114112K
  class space    used 8279K, committed 8576K, reserved 1048576K
}
Event: 3.975 GC heap before
{Heap before GC invocations=12 (full 0):
 garbage-first heap   total reserved 8310784K, committed 81920K, used 68989K [0x0000000604c00000, 0x0000000800000000)
  region size 4096K, 11 young (45056K), 1 survivors (4096K)
 Metaspace       used 69038K, committed 69760K, reserved 1114112K
  class space    used 9619K, committed 9920K, reserved 1048576K
}
Event: 3.978 GC heap after
{Heap after GC invocations=13 (full 0):
 garbage-first heap   total reserved 8310784K, committed 81920K, used 30702K [0x0000000604c00000, 0x0000000800000000)
  region size 4096K, 2 young (8192K), 2 survivors (8192K)
 Metaspace       used 69038K, committed 69760K, reserved 1114112K
  class space    used 9619K, committed 9920K, reserved 1048576K
}
Event: 4.485 GC heap before
{Heap before GC invocations=13 (full 0):
 garbage-first heap   total reserved 8310784K, committed 81920K, used 67566K [0x0000000604c00000, 0x0000000800000000)
  region size 4096K, 11 young (45056K), 2 survivors (8192K)
 Metaspace       used 77045K, committed 77824K, reserved 1179648K
  class space    used 10595K, committed 10944K, reserved 1048576K
}
Event: 4.490 GC heap after
{Heap after GC invocations=14 (full 0):
 garbage-first heap   total reserved 8310784K, committed 81920K, used 34415K [0x0000000604c00000, 0x0000000800000000)
  region size 4096K, 2 young (8192K), 2 survivors (8192K)
 Metaspace       used 77045K, committed 77824K, reserved 1179648K
  class space    used 10595K, committed 10944K, reserved 1048576K
}
Event: 4.881 GC heap before
{Heap before GC invocations=14 (full 0):
 garbage-first heap   total reserved 8310784K, committed 81920K, used 67183K [0x0000000604c00000, 0x0000000800000000)
  region size 4096K, 10 young (40960K), 2 survivors (8192K)
 Metaspace       used 80100K, committed 80832K, reserved 1179648K
  class space    used 11062K, committed 11392K, reserved 1048576K
}
Event: 4.884 GC heap after
{Heap after GC invocations=15 (full 0):
 garbage-first heap   total reserved 8310784K, committed 81920K, used 37253K [0x0000000604c00000, 0x0000000800000000)
  region size 4096K, 2 young (8192K), 2 survivors (8192K)
 Metaspace       used 80100K, committed 80832K, reserved 1179648K
  class space    used 11062K, committed 11392K, reserved 1048576K
}
Event: 42.945 GC heap before
{Heap before GC invocations=15 (full 0):
 garbage-first heap   total reserved 8310784K, committed 81920K, used 61829K [0x0000000604c00000, 0x0000000800000000)
  region size 4096K, 9 young (36864K), 2 survivors (8192K)
 Metaspace       used 84789K, committed 85568K, reserved 1179648K
  class space    used 11696K, committed 12032K, reserved 1048576K
}
Event: 42.951 GC heap after
{Heap after GC invocations=16 (full 0):
 garbage-first heap   total reserved 8310784K, committed 81920K, used 39379K [0x0000000604c00000, 0x0000000800000000)
  region size 4096K, 2 young (8192K), 2 survivors (8192K)
 Metaspace       used 84789K, committed 85568K, reserved 1179648K
  class space    used 11696K, committed 12032K, reserved 1048576K
}

